MPASM 5.87                          MAIN.ASM   6-27-2022  10:54:00         PAGE  1


LOC  OBJECT CODE     LINE SOURCE TEXT
  VALUE

                      00001 ; TRACCIA
                      00002 ; Si realizzi un firmware che riceva dal computer (tramite porta seriale EUSART) una cifra da 1 a 9 e 
                      00003 ; suoni la nota corrispondente con il buzzer (do, re, ecc). Le note possono essere di durata fissa.
                      00004     
                      00005     #include "macro.inc"  ; definizione di macro utili
                      00001 ; definizione di macro utili per ottenere un codice piu' compatto
                      00002 ;
                      00003 ; se si include questo file in MPLAB X, selezionare "exclude from build"
                      00004 ;  dalle proprieta' del file (tasto destro sul file nella finestra
                      00005 ;  del progetto)
                      00006 
                      00007 
                      00008 ; macro per settare il valore di un registro (movlw + banksel + movwf)
                      00009 setRegK                 macro Reg, Const
                      00010                 movlw Const
                      00011                 banksel Reg
                      00012                 movwf Reg
                      00013                                 endm
                      00014 
                      00015 
                      00016 ; macro per azzerare un registro (banksel + clrf)
                      00017 setReg0                 macro Reg
                      00018                 banksel Reg
                      00019                 clrf Reg
                      00020                                 endm
                      00021 
                      00022 
                      00023 ; flag bits (inizializzati a 0)
  00000000            00024 UART_TX_BUSY      equ    .0
                      00006 
                      00007     
                      00008     list        p=16f887        ; definisco il tipo di processore
                      00009     #include    <p16f887.inc>   ; file che contiene le definizioni dei simboli (nomi registri, nomi bit 
                            dei registri, ecc).
                      00001         LIST
                      00002 
                      00003 ;==========================================================================
                      00004 ; Build date : Jan 06 2020
                      00005 ;  MPASM PIC16F887 processor include
                      00006 ; 
                      00007 ;  (c) Copyright 1999-2020 Microchip Technology, All rights reserved
                      00008 ;==========================================================================
                      00009 
                      00810         LIST
                      00010     
                      00011 ;**********************************************************************
                      00012 ; *** Configuration bits ***
                      00013 ; I bit di configurazione (impostazioni dell'hardware settate in fase di
                      00014 ; programmazione del dispostitivo) sono definiti
                      00015 ; tramite una direttiva nel codice.
                      00016 ; Ho attivato il bit
                      00017 
2007   2CF4           00018     __CONFIG _CONFIG1, _INTRC_OSC_NOCLKOUT & _CP_OFF & _WDT_OFF & _BOR_OFF & _PWRTE_OFF & _LVP_OFF & _DE
MPASM 5.87                          MAIN.ASM   6-27-2022  10:54:00         PAGE  2


LOC  OBJECT CODE     LINE SOURCE TEXT
  VALUE

                            BUG_OFF & _CPD_OFF
                      00019     
                      00020     
                      00021 ;***********************************************************************
                      00022 ; *** Definizione delle costanti ***
                      00023 ; Vado a definire due costanti che saranno i valori 
                      00024 ; che verranno caricati nel contatore del Timer_0 per ottenere il tempo in 
                      00025 ; cui in Buzz emette il suono (Delay_ON)
                      00026     
  0000C000            00027 Delay_ON    EQU  (.65536 - .16384) ; conto 500ms
  0000003D            00028 Delay_OFF   EQU  (.256 - .195)  ; conto 50ms
                      00029         
                      00030 ; Definisco ora la costante per il contatore di timer2 con cui ottenere le frequenze
                      00031 ;  delle note desiderate. Dalle impostazioni di timer2 si ha un singolo
                      00032 ;  incremento pari a 16 us. Le note desiderate sono:
                      00033 ;  DO4          f= 261 Hz       T=3831 us        239 incrementi
                      00034 ;  DO#4         f= 277 Hz       T=3610 us        225 incrementi
                      00035 ;  RE4          f= 293 Hz       T=3412 us        213 incrementi
                      00036 ;  RE4#         f= 311 Hz       T= 3215 us       200 incrementi
                      00037 ;  MI4          f= 330 Hz       T= 3030 us       189 incrementi
                      00038 ;  FA4          f= 349 HZ       T= 2865 us       179 incrementi
                      00039 ;  SOL4         f= 392 Hz       T= 2551 us       159 incrementi
                      00040 ;  LA4          f= 440 Hz       T= 2271 us       142 incrementi
                      00041 ;  SI4          f= 494 Hz       T= 2024 us       127 incrementi
                      00042         
  0000003C            00043 note_do4        EQU             .60
  00000038            00044 note_do4#       EQU             .56
  00000035            00045 note_re4        EQU             .53
  00000032            00046 note_re4#       EQU             .50
  0000002F            00047 note_mi4        EQU             .47
  0000002C            00048 note_fa4        EQU             .44
  00000028            00049 note_sol4       EQU             .40
  00000024            00050 note_la4        EQU             .36
  00000020            00051 note_si4        EQU             .32
                      00052         
                      00053 ;  Questi valori andranno scritti nel registro PR2, dato che il
                      00054 ;  timer2 conta da 0 a PR2 e e riparte da 0, e non da un valore iniziale a FF.
                      00055         
                      00056 ;**********************************************************************
                      00057 ; *** Definizione delle variabili ***
                      00058 
                      00059 ; Riservo un byte alla variabile Ch
                      00060         UDATA_SHR
0000                  00061 ch      RES         .1
0001                  00062 prova   RES         .1
0002                  00063 prova2  RES         .1
                      00064         
                      00065 ;**********************************************************************
                      00066 ; *** Vettore di reset ***
                      00067 ; Il vettore di reset e' l'istruzione che viene eseguita per prima
                      00068 ; dopo un reset del microcontrollore.
                      00069 ; Viene specificato esplicitamente l'indirizzo 0000, in quanto il
                      00070 ; vettore di reset deve trovarsi in questa posizione (codice non rilocabile).
MPASM 5.87                          MAIN.ASM   6-27-2022  10:54:00         PAGE  3


LOC  OBJECT CODE     LINE SOURCE TEXT
  VALUE

                      00071 
                      00072 RST_VECTOR      CODE    0x0000
0000   ???? ????      00073                         pagesel start   
0002   2???           00074                         goto    start                   
                      00075                         
                      00076 ;**********************************************************************
                      00077 ; *** Programma principale ***
                      00078 ; La direttiva CODE dichiara una sezione di codice da allocare in ROM.
                      00079 ; Non viene specificato un indirizzo esplicito, il linker successivamente
                      00080 ; assegnera' un indirizzo assoluto di inizio per la sezione (codice rilocabile)
                      00081 
                      00082 MAIN            CODE
                      00083                 
0000                  00084 start       
                      00085                 ; Inizializzazione hardware
                      00086                 
0000   ???? ????      00087                 pagesel INIT_HW         
0002   2???           00088                 call    INIT_HW
                      00089                 
0003                  00090 main_loop       
                      00091                 
0003                  00092 wait_ch         
                      00093                 
0003   01??           00094                 clrf ch
0004   01??           00095                 clrf prova
0005   01??           00096                 clrf prova2
                      00097                                 
                      00098                 ; Entro ora in un loop in attesa di ricevere un carattere
                      00099                 
                      00100                 ;banksel PIR1
                      00101                 ;btfss PIR1, RCIF
                      00102                 ;goto wait_ch
                      00103                 
                      00104                 ; Prendo ciò che è contenuto in RCREG (byte ricevuto dalla porta),
                      00105                 ; lo metto in w, per poi inserirlo in char
                      00106                 
                      00107                 ;banksel RCREG
                      00108                 ;movf RCREG,w
                      00109                 
0006   3031           00110                 movlw .49 ; Per fare le prove
                      00111                 
0007   00??           00112                 movwf ch
                      00113                 
                      00114 
                      00115                 ; Scrivo il numero inserito su porta seriale
0008   1283 1303      00116                 banksel TXREG
000A   0099           00117                 movwf TXREG
000B   1283 1303      00118                 banksel PIR1
000D   1E0C           00119                 btfss PIR1, TXIF
000E   2???           00120                 goto $-1
                      00121                 
                      00122                 
                      00123                 ; Controllo ora che il carattere ricevuto sia compreso tra 1 e 9
MPASM 5.87                          MAIN.ASM   6-27-2022  10:54:00         PAGE  4


LOC  OBJECT CODE     LINE SOURCE TEXT
  VALUE

                      00124                 ; OCCHIO, ricevo caratteri non numeri: in ASCII in carattere 0 
                      00125                 ; corrisponde a 48
                      00126                 ; Come prima cosa controllo che il carattere ricevuto sia maggiore
                      00127                 ; o uguale ad 1 (in ASCII 49)
                      00128                 
                      00129                 ; Sottraggo al valore contenuto in ch, 49 e salvo il risultato in ch
                      00130                 ; Se il risultato della sottrazione è negativo -> il falg C del registro STATUS
                      00131                 ; sarà uguale a 0 -> torno a wait_ch
                      00132                 
000F   3031           00133                 movlw .49
0010   02??           00134                 subwf ch,f
0011   1283 1303      00135                 Banksel STATUS
0013   1C03           00136                 btfss STATUS, C
0014   2???           00137                 goto main_loop
                      00138                                 
                      00139                 ; Arriviati qui, bisogna controllare che il carattere non sia maggiore di 9
                      00140                 ; OCCHIO: prima ho salvato il risultato della sottrazione in ch
                      00141                 ; quindi ora ho il carattere di prima diminuito di 49
                      00142                 ; Sottraggo questa volta 9 e se C=1, vuol dire che il nuemro è maggiore di 9
                      00143                 ; e quindi devo tornare al wait_ch
                      00144                 
0015   3009           00145                 movlw .9
0016   02??           00146                 subwf ch,f
0017   1283 1303      00147                 Banksel STATUS
0019   1803           00148                 btfsc STATUS, C
001A   2???           00149                 goto main_loop
                      00150                 
001B   07??           00151                 addwf ch,f
                      00152                 ; AGGIUNTA: Il carattere non corrisponde più al valore digitato
                      00153                 ; perchè, ad esempio, se avessi inserito 1 (e quindi 49) -> dalla
                      00154                 ; sottrazione ora ho come risultato 0.
                      00155                 ; Per risolvere questo problema sommmo 1 al valore contenuto in ch
                      00156                 
                      00157                 ; forse no
                      00158                 
                      00159                 ; incf ch,f
                      00160                 
                      00161                 ; Controllo ora grazie ad delle sottrazioni qual'è il numero inserito
                      00162                 ; Trovato il numero corretto (sottrazione uguale a zero), passo al
                      00163                 ; all'attivazione del buzzer
                      00164                                  
                      00165                  ; Lavoro con prova 2, in questo modo evito di decrementare sempre ch
                      00166                  
                      00167                  ; Riscrivo ch su prova2
001C   08??           00168                  movfw ch
001D   00??           00169                  movwf prova2
                      00170                 
001E   303C           00171                  movlw note_do4
001F   00??           00172                  movwf prova
0020   3001           00173                  movlw .1
0021   02??           00174                  subwf prova2,w
0022   1C03           00175                  btfss STATUS, C
0023   2???           00176                  goto buzzer
MPASM 5.87                          MAIN.ASM   6-27-2022  10:54:00         PAGE  5


LOC  OBJECT CODE     LINE SOURCE TEXT
  VALUE

                      00177                  
                      00178                  ; Riscrivo ch su prova2
0024   08??           00179                  movf ch,w
0025   00??           00180                  movwf prova2
                      00181                  
0026   3038           00182                  movlw note_do4#
0027   00??           00183                  movwf prova
0028   3002           00184                  movlw .2
0029   02??           00185                  subwf prova2,w
002A   1C03           00186                  btfss STATUS, C
002B   2???           00187                  goto buzzer
                      00188                  
                      00189                  ; Riscrivo ch su prova2
002C   08??           00190                  movf ch,w
002D   00??           00191                  movwf prova2
                      00192                  
002E   3035           00193                  movlw note_re4
002F   00??           00194                  movwf prova
0030   3003           00195                  movlw .3
0031   02??           00196                  subwf prova2,w
0032   1C03           00197                  btfss STATUS, C
0033   2???           00198                  goto buzzer
                      00199                  
                      00200                  ; Riscrivo ch su prova2                 
0034   08??           00201                  movf ch,w
0035   00??           00202                  movwf prova2
                      00203                  
0036   3032           00204                  movlw note_re4#
0037   00??           00205                  movwf prova
0038   3004           00206                  movlw .4
0039   02??           00207                  subwf prova2,w
003A   1C03           00208                  btfss STATUS, C
003B   2???           00209                  goto buzzer
                      00210 
                      00211                  ; Riscrivo ch su prova2                 
003C   08??           00212                  movf ch,w
003D   00??           00213                  movwf prova2
                      00214                  
003E   302F           00215                  movlw note_mi4
003F   00??           00216                  movwf prova
0040   3005           00217                  movlw .5
0041   02??           00218                  subwf prova2,w
0042   1C03           00219                  btfss STATUS, C
0043   2???           00220                  goto buzzer
                      00221                  
                      00222                  ; Riscrivo ch su prova2
0044   08??           00223                  movf ch,w
0045   00??           00224                  movwf prova2
                      00225                  
0046   302C           00226                  movlw note_fa4
0047   00??           00227                  movwf prova
0048   3006           00228                  movlw .6
0049   02??           00229                  subwf prova2,w
MPASM 5.87                          MAIN.ASM   6-27-2022  10:54:00         PAGE  6


LOC  OBJECT CODE     LINE SOURCE TEXT
  VALUE

004A   1C03           00230                  btfss STATUS, C
004B   2???           00231                  goto buzzer
                      00232                  
                      00233                  ; Riscrivo ch su prova2                 
004C   08??           00234                  movf ch,w
004D   00??           00235                  movwf prova2
                      00236                  
004E   3028           00237                  movlw note_sol4
004F   00??           00238                  movwf prova
0050   3007           00239                  movlw .7
0051   02??           00240                  subwf prova2,w
0052   1C03           00241                  btfss STATUS, C
0053   2???           00242                  goto buzzer
                      00243                  
                      00244                  ; Riscrivo ch su prova2                 
0054   08??           00245                  movf ch,w
0055   00??           00246                  movwf prova2
                      00247                  
0056   3024           00248                  movlw note_la4
0057   00??           00249                  movwf prova
0058   3008           00250                  movlw .8
0059   02??           00251                  subwf prova2,w
005A   1C03           00252                  btfss STATUS, C
005B   2???           00253                  goto buzzer
                      00254                  
                      00255                  ; Riscrivo ch su prova2                 
005C   08??           00256                  movf ch,w
005D   00??           00257                  movwf prova2
                      00258                  
005E   3020           00259                  movlw note_si4
005F   00??           00260                  movwf prova
0060   3009           00261                  movlw .9
0061   02??           00262                  subwf prova2,w
0062   1C03           00263                  btfss STATUS, C
                      00264                  
0063                  00265 buzzer                  
                      00266                 ; Inserisco la frequenza scelta nel registro PR2
                      00267                 
0063   08??           00268                 movfw prova
0064   1683 1303      00269                 banksel PR2
Message[302]: Register in operand not in bank 0.  Ensure that bank bits are correct.
0066   0092           00270                 movwf   PR2
                      00271                 
                      00272                 ; Preso dalla prof.
                      00273                 
0067   1003           00274                 bcf     STATUS, C       ; azzera carry per successivo shift
Message[302]: Register in operand not in bank 0.  Ensure that bank bits are correct.
0068   0C12           00275                 rrf     PR2, w          ; W = PR2 shiftato a destra = meta'
0069   1283 1303      00276                 banksel CCPR1L
006B   0095           00277                 movwf   CCPR1L
                      00278                 
                      00279                 
                      00280                 ; Setto ad 1 il secondo bit del registro T2CON -> attivo il buzzer
MPASM 5.87                          MAIN.ASM   6-27-2022  10:54:00         PAGE  7


LOC  OBJECT CODE     LINE SOURCE TEXT
  VALUE

006C   1283 1303      00281                 banksel T2CON
006E   1512           00282                 bsf     T2CON, TMR2ON
                      00283                 
                      00284                 ; Il buzzer ha iniziato a suonare: applico ora un delay
                      00285                  
006F   2???           00286                 call DELAY_ON
                      00287                  
                      00288                 ; Spengo il buzzer
                      00289                 ; Setto ad 0 il secondo bit del registro T2CON
0070   1283 1303      00290                  banksel        T2CON
0072   1112           00291                  bcf    T2CON, TMR2ON
                      00292                  
0073   2???           00293                  call DELAY_OFF
                      00294                 
0074   2???           00295                 goto main_loop
                      00296                 
                      00297                 
0075                  00298 DELAY_ON
                      00299                 ; Utilizzo del timer in polling: settare il contatore al valore iniziale voluto,
                      00300                 ; azzerare il flag e attendere tramite un loop che il flag venga settato di nuovo.
0075   30C0           00301                 movlw  high Delay_ON
0076   1283 1303      00302                 banksel TMR0
Message[305]: Using default destination of 1 (file).
0078   0881           00303                 movf    TMR0                    ; copia W in TMR0 (contatore del timer)
0079   110B           00304                 bcf     INTCON,T0IF             ; azzera il flag di overflow di TMR0
                      00305                 
007A                  00306 DELAY_OFF
                      00307                 ; Utilizzo del timer in polling: settare il contatore al valore iniziale voluto,
                      00308                 ; azzerare il flag e attendere tramite un loop che il flag venga settato di nuovo.
007A   303D           00309                 movlw   Delay_OFF
007B   1283 1303      00310                 banksel TMR0
Message[305]: Using default destination of 1 (file).
007D   0881           00311                 movf    TMR0                    ; copia W in TMR0 (contatore del timer)
007E   110B           00312                 bcf     INTCON,T0IF             ; azzera il flag di overflow di TMR0
                      00313 
007F                  00314 wait_delay      
007F   0064           00315                 clrwdt                          ; azzera timer watchdog per evitare reset
                      00316                         
                      00317                 ; so che la cpu genera un interrupt quando il timer va in overflow -> controllo l'interr
                            upt flag 
0080   1D0B           00318                 btfss   INTCON,T0IF             ; se il flag di overflow del timer è = 1, salta l'istruz
                            ione seguente
0081   2???           00319                 goto    wait_delay              ; ripeti il loop di attesa
                      00320                 
0082   0008           00321                 return
                      00322 
                      00323                 
0083                  00324 INIT_HW
                      00325                 ; TIMER_0
                      00326                 
                      00327                 ; Configuro il registro OPTION_REG (registro di configurazione del timer0):
                      00328                 ; - pull-up porta B abilitati.
                      00329                 ; - TMR0 incrementato da clock interno (1 MHz)
MPASM 5.87                          MAIN.ASM   6-27-2022  10:54:00         PAGE  8


LOC  OBJECT CODE     LINE SOURCE TEXT
  VALUE

                      00330                 ; - prescaler assegnato a TMR0
                      00331                 ; - valore prescaler 1:256 (clock TMR0 = 3.90625 kHz)
                      00332                 ; Le impostazioni precedenti determinano per TMR0 i seguenti valori:
                      00333                 ; - periodo di un singolo incremento (tick) = 256 us
                      00334                 ; - periodo totale (da 00 a FF) = 65.536 ms
0083   1683 1303      00335                 banksel OPTION_REG              ; banco di OPTION_REG
                      00336                 ; Scelgo la costante binaria con il datasheet (ogni bit settato a 0/1 ha un significato)
0085   3007           00337                 movlw   B'00000111'             ; carica costante binaria 00000110 in W
Message[302]: Register in operand not in bank 0.  Ensure that bank bits are correct.
0086   0081           00338                 movwf   OPTION_REG              ; copia W (11000110b) in OPTION_REG             
                      00339                 
                      00340                 ; PORTE
                      00341                 ; Seleziono il banco di memoria in cui c'è TRISA 
                      00342                 ; Non sarà necessarrio poi spostarsi perchè nello stesso banco 
                      00343                 ; trovo anche gli altri TRISx
                      00344                 
                      00345                 ;port A:
                      00346                 ; RA0-RA5: analog inputs
                      00347                 ; RA6-RA7: digital outputs (flash_ce, bus_switch)
                      00348                 setRegK PORTA, B'01000000' ; flash_ce = 1, bus_switch = 0 (i2c)
0087   3040               M                 movlw B'01000000'
0088   1283 1303          M                 banksel PORTA
008A   0085               M                 movwf PORTA
                      00349                 setRegK ANSEL, B'11111111' ; set RE0-RE2 as analog too
008B   30FF               M                 movlw B'11111111'
008C   1683 1703          M                 banksel ANSEL
Message[302]: Register in operand not in bank 0.  Ensure that bank bits are correct.
008E   0088               M                 movwf ANSEL
                      00350                 setRegK TRISA, B'00111111'
008F   303F               M                 movlw B'00111111'
0090   1683 1303          M                 banksel TRISA
Message[302]: Register in operand not in bank 0.  Ensure that bank bits are correct.
0092   0085               M                 movwf TRISA
                      00351 
                      00352                 ;port B:
                      00353                 ; RB0-RB4: digital inputs (buttons, sd_detect) with pull-up
                      00354                 ; RB5: digital output (sd_ce)
                      00355                 ; RB6-RB7: used by ICSP
                      00356                 setReg0 ANSELH
0093   1683 1703          M                 banksel ANSELH
Message[302]: Register in operand not in bank 0.  Ensure that bank bits are correct.
0095   0189               M                 clrf ANSELH
                      00357                 setRegK PORTB, B'00100000' ; sd_ce = 1
0096   3020               M                 movlw B'00100000'
0097   1283 1303          M                 banksel PORTB
0099   0086               M                 movwf PORTB
                      00358                 setRegK TRISB, B'11011111'
009A   30DF               M                 movlw B'11011111'
009B   1683 1303          M                 banksel TRISB
Message[302]: Register in operand not in bank 0.  Ensure that bank bits are correct.
009D   0086               M                 movwf TRISB
                      00359                 setRegK WPUB, B'00011111'
009E   301F               M                 movlw B'00011111'
MPASM 5.87                          MAIN.ASM   6-27-2022  10:54:00         PAGE  9


LOC  OBJECT CODE     LINE SOURCE TEXT
  VALUE

009F   1683 1303          M                 banksel WPUB
Message[302]: Register in operand not in bank 0.  Ensure that bank bits are correct.
00A1   0095               M                 movwf WPUB
                      00360 
                      00361                 ;port C:
                      00362                 ; RC2: digital output for buzzer
                      00363                 ; others: used by peripherals
                      00364                 setReg0 PORTC
00A2   1283 1303          M                 banksel PORTC
00A4   0187               M                 clrf PORTC
                      00365                 setRegK TRISC, B'11111011'
00A5   30FB               M                 movlw B'11111011'
00A6   1683 1303          M                 banksel TRISC
Message[302]: Register in operand not in bank 0.  Ensure that bank bits are correct.
00A8   0087               M                 movwf TRISC
                      00366 
                      00367                 ;port D:
                      00368                 ; RD0-RD3: digital outputs (LEDs)
                      00369                 ; RD4-RD7: not used (digital inputs)
                      00370                 setReg0 PORTD
00A9   1283 1303          M                 banksel PORTD
00AB   0188               M                 clrf PORTD
                      00371                 setRegK TRISD, 0xF0
00AC   30F0               M                 movlw 0xF0
00AD   1683 1303          M                 banksel TRISD
Message[302]: Register in operand not in bank 0.  Ensure that bank bits are correct.
00AF   0088               M                 movwf TRISD
                      00372 
                      00373                 ;port E:
                      00374                 ; RE0-RE2: analog inputs (see ANSEL above)
                      00375                 ; RE3: used by reset
                      00376                 setReg0 PORTE
00B0   1283 1303          M                 banksel PORTE
00B2   0189               M                 clrf PORTE
                      00377                 
                      00378                 ; registro INTCON:
                      00379                 ; - tutti gli interrupt inzialmente disabilitati ( lo faccio per evitare che un interrup
                            t possa interrompermi )
                      00380                 ; (verranno abilitati nel programma principale, quando tutte
                      00381                 ;  le periferiche saranno correttamente inizializzate)
                      00382                         
00B3   018B           00383                 clrf    INTCON
                      00384                         
                      00385                 ; TIMER_2
                      00386                 
                      00387                 ; Setto i primi 2 bit a 11; in questo modo ho impostato il prescaler a 1:16
                      00388                 ; Setto il bit 2 a 0; in questo modo spengo il Timer_2 (così sono sicuro che all'accensi
                            one il buzzer non suoni)
                      00389                 ; Gli altri bit non mi interessano                      
                      00390                         
00B4   1283 1303      00391                 banksel T2CON
00B6   3003           00392                 movlw B'00000011'
00B7   0092           00393                 movwf T2CON
MPASM 5.87                          MAIN.ASM   6-27-2022  10:54:00         PAGE 10


LOC  OBJECT CODE     LINE SOURCE TEXT
  VALUE

                      00394                 
                      00395                 ; Configuro il registro CCP1CON
                      00396                 ; Lascio i primi 4 bit come di default per la modalità PWM
00B8   1283 1303      00397                 banksel CCP1CON
00BA   300C           00398                 movlw   B'00001100'
00BB   0097           00399                 movwf   CCP1CON
                      00400                 
                      00401                 ; EUSART
                      00402                 
                      00403                 ; Nel registro TXSTA imposto il quinto bit ad 1 per abilitare 
                      00404                 ; la trasmissione il bit 4 a 0 per usare la modalità asincrona 
                      00405                 ; ed il bit 2 ad 1 per usare un'high speed in asynchronus mode
                      00406                 
00BC   1683 1303      00407                 banksel TXSTA
00BE   3024           00408                 movlw B'00100100'   
Message[302]: Register in operand not in bank 0.  Ensure that bank bits are correct.
00BF   0098           00409                 movwf TXSTA
                      00410                 
                      00411                 ; Carico 25 sul registro SPBRG (regola la velocità di 
                      00412                 ; trasmissione)
00C0   1683 1303      00413                 banksel SPBRG
00C2   3019           00414                 movlw .25
Message[302]: Register in operand not in bank 0.  Ensure that bank bits are correct.
00C3   0099           00415                 movwf SPBRG
                      00416                 
                      00417                 ; Nel registro BAUDCTL setto a zero tutti i bit 
00C4   1683 1703      00418                 banksel BAUDCTL 
Message[302]: Register in operand not in bank 0.  Ensure that bank bits are correct.
00C6   0187           00419                 clrf BAUDCTL
                      00420 
                      00421                 ; Nel registro RCSTA setto ad 1 il bit 7 per abilitare la porta 
                      00422                 ; seriale e a 1 il bit 4 per abilitare la ricezione da porta 
                      00423                 ; seriale
00C7   1283 1303      00424                 banksel RCSTA
00C9   3090           00425                 movlw B'10010000' 
00CA   0098           00426                 movwf RCSTA
                      00427                 
00CB   0008           00428                 return
                      00429                 
2CF4                  00430                 END
MPASM 5.87                          MAIN.ASM   6-27-2022  10:54:00         PAGE 11


SYMBOL TABLE
  LABEL                             VALUE 

ABDEN                             00000000
ABDOVF                            00000007
ACKDT                             00000005
ACKEN                             00000004
ACKSTAT                           00000006
ADCON0                            0000001F
ADCON1                            0000009F
ADCS0                             00000006
ADCS1                             00000007
ADDEN                             00000003
ADFM                              00000007
ADIE                              00000006
ADIF                              00000006
ADON                              00000000
ADRESH                            0000001E
ADRESL                            0000009E
ANS0                              00000000
ANS1                              00000001
ANS10                             00000002
ANS11                             00000003
ANS12                             00000004
ANS13                             00000005
ANS2                              00000002
ANS3                              00000003
ANS4                              00000004
ANS5                              00000005
ANS6                              00000006
ANS7                              00000007
ANS8                              00000000
ANS9                              00000001
ANSEL                             00000188
ANSELH                            00000189
BAUDCTL                           00000187
BCLIE                             00000003
BCLIF                             00000003
BF                                00000000
BRG0                              00000000
BRG1                              00000001
BRG10                             00000002
BRG11                             00000003
BRG12                             00000004
BRG13                             00000005
BRG14                             00000006
BRG15                             00000007
BRG16                             00000003
BRG2                              00000002
BRG3                              00000003
BRG4                              00000004
BRG5                              00000005
BRG6                              00000006
BRG7                              00000007
BRG8                              00000000
BRG9                              00000001
MPASM 5.87                          MAIN.ASM   6-27-2022  10:54:00         PAGE 12


SYMBOL TABLE
  LABEL                             VALUE 

BRGH                              00000002
C                                 00000000
C1CH0                             00000000
C1CH1                             00000001
C1IE                              00000005
C1IF                              00000005
C1OE                              00000005
C1ON                              00000007
C1OUT                             00000006
C1POL                             00000004
C1R                               00000002
C1RSEL                            00000005
C1SEN                             00000005
C2CH0                             00000000
C2CH1                             00000001
C2IE                              00000006
C2IF                              00000006
C2OE                              00000005
C2ON                              00000007
C2OUT                             00000006
C2POL                             00000004
C2R                               00000002
C2REN                             00000004
C2RSEL                            00000004
C2SYNC                            00000000
CCP1CON                           00000017
CCP1IE                            00000002
CCP1IF                            00000002
CCP1M0                            00000000
CCP1M1                            00000001
CCP1M2                            00000002
CCP1M3                            00000003
CCP1X                             00000005
CCP1Y                             00000004
CCP2CON                           0000001D
CCP2IE                            00000000
CCP2IF                            00000000
CCP2M0                            00000000
CCP2M1                            00000001
CCP2M2                            00000002
CCP2M3                            00000003
CCP2X                             00000005
CCP2Y                             00000004
CCPR1                             00000015
CCPR1H                            00000016
CCPR1L                            00000015
CCPR2                             0000001B
CCPR2H                            0000001C
CCPR2L                            0000001B
CHS0                              00000002
CHS1                              00000003
CHS2                              00000004
CHS3                              00000005
MPASM 5.87                          MAIN.ASM   6-27-2022  10:54:00         PAGE 13


SYMBOL TABLE
  LABEL                             VALUE 

CKE                               00000006
CKP                               00000004
CM1CON0                           00000107
CM2CON0                           00000108
CM2CON1                           00000109
CREN                              00000004
CSRC                              00000007
D                                 00000005
DATA_ADDRESS                      00000005
DC                                00000001
DC1B0                             00000004
DC1B1                             00000005
DC2B0                             00000004
DC2B1                             00000005
DELAY_OFF                         0000007A
DELAY_ON                          00000075
D_A                               00000005
D_NOT_A                           00000005
Delay_OFF                         0000003D
Delay_ON                          0000C000
ECCPAS                            0000009C
ECCPAS0                           00000004
ECCPAS1                           00000005
ECCPAS2                           00000006
ECCPASE                           00000007
EEADR                             0000010D
EEADRH                            0000010F
EECON1                            0000018C
EECON2                            0000018D
EEDAT                             0000010C
EEDATA                            0000010C
EEDATH                            0000010E
EEIE                              00000004
EEIF                              00000004
EEPGD                             00000007
F                                 00000001
FERR                              00000002
FSR                               00000004
FVREN                             00000000
GCEN                              00000007
GIE                               00000007
GO                                00000001
GO_DONE                           00000001
GO_NOT_DONE                       00000001
HTS                               00000002
I2C_DATA                          00000005
I2C_READ                          00000002
I2C_START                         00000003
I2C_STOP                          00000004
INDF                              00000000
INIT_HW                           00000083
INTCON                            0000000B
INTE                              00000004
MPASM 5.87                          MAIN.ASM   6-27-2022  10:54:00         PAGE 14


SYMBOL TABLE
  LABEL                             VALUE 

INTEDG                            00000006
INTF                              00000001
IOCB                              00000096
IOCB0                             00000000
IOCB1                             00000001
IOCB2                             00000002
IOCB3                             00000003
IOCB4                             00000004
IOCB5                             00000005
IOCB6                             00000006
IOCB7                             00000007
IRCF0                             00000004
IRCF1                             00000005
IRCF2                             00000006
IRP                               00000007
LTS                               00000001
MC1OUT                            00000007
MC2OUT                            00000006
MSK                               00000093
MSK0                              00000000
MSK1                              00000001
MSK2                              00000002
MSK3                              00000003
MSK4                              00000004
MSK5                              00000005
MSK6                              00000006
MSK7                              00000007
NOT_A                             00000005
NOT_ADDRESS                       00000005
NOT_BO                            00000000
NOT_BOR                           00000000
NOT_DONE                          00000001
NOT_PD                            00000003
NOT_POR                           00000001
NOT_RBPU                          00000007
NOT_RC8                           00000006
NOT_T1SYNC                        00000002
NOT_TO                            00000004
NOT_TX8                           00000006
NOT_W                             00000002
NOT_WRITE                         00000002
OERR                              00000001
OPTION_REG                        00000081
OSCCON                            0000008F
OSCTUNE                           00000090
OSFIE                             00000007
OSFIF                             00000007
OSTS                              00000003
P                                 00000004
P1M0                              00000006
P1M1                              00000007
PCL                               00000002
PCLATH                            0000000A
MPASM 5.87                          MAIN.ASM   6-27-2022  10:54:00         PAGE 15


SYMBOL TABLE
  LABEL                             VALUE 

PCON                              0000008E
PDC0                              00000000
PDC1                              00000001
PDC2                              00000002
PDC3                              00000003
PDC4                              00000004
PDC5                              00000005
PDC6                              00000006
PEIE                              00000006
PEN                               00000002
PIE1                              0000008C
PIE2                              0000008D
PIR1                              0000000C
PIR2                              0000000D
PORTA                             00000005
PORTB                             00000006
PORTC                             00000007
PORTD                             00000008
PORTE                             00000009
PR2                               00000092
PRSEN                             00000007
PS0                               00000000
PS1                               00000001
PS2                               00000002
PSA                               00000003
PSSAC0                            00000002
PSSAC1                            00000003
PSSBD0                            00000000
PSSBD1                            00000001
PSTRCON                           0000009D
PULSR                             00000002
PULSS                             00000003
PWM1CON                           0000009B
R                                 00000002
RA0                               00000000
RA1                               00000001
RA2                               00000002
RA3                               00000003
RA4                               00000004
RA5                               00000005
RA6                               00000006
RA7                               00000007
RB0                               00000000
RB1                               00000001
RB2                               00000002
RB3                               00000003
RB4                               00000004
RB5                               00000005
RB6                               00000006
RB7                               00000007
RBIE                              00000003
RBIF                              00000000
RC0                               00000000
MPASM 5.87                          MAIN.ASM   6-27-2022  10:54:00         PAGE 16


SYMBOL TABLE
  LABEL                             VALUE 

RC1                               00000001
RC2                               00000002
RC3                               00000003
RC4                               00000004
RC5                               00000005
RC6                               00000006
RC7                               00000007
RC8_9                             00000006
RC9                               00000006
RCD8                              00000000
RCEN                              00000003
RCIDL                             00000006
RCIE                              00000005
RCIF                              00000005
RCREG                             0000001A
RCSTA                             00000018
RD                                00000000
RD0                               00000000
RD1                               00000001
RD2                               00000002
RD3                               00000003
RD4                               00000004
RD5                               00000005
RD6                               00000006
RD7                               00000007
RE0                               00000000
RE1                               00000001
RE2                               00000002
RE3                               00000003
READ_WRITE                        00000002
RP0                               00000005
RP1                               00000006
RSEN                              00000001
RX9                               00000006
RX9D                              00000000
R_NOT_W                           00000002
R_W                               00000002
S                                 00000003
SBOREN                            00000004
SCKP                              00000004
SCS                               00000000
SEN                               00000000
SENDB                             00000003
SMP                               00000007
SPBRG                             00000099
SPBRGH                            0000009A
SPEN                              00000007
SR0                               00000006
SR1                               00000007
SRCON                             00000185
SREN                              00000005
SSPADD                            00000093
SSPBUF                            00000013
MPASM 5.87                          MAIN.ASM   6-27-2022  10:54:00         PAGE 17


SYMBOL TABLE
  LABEL                             VALUE 

SSPCON                            00000014
SSPCON2                           00000091
SSPEN                             00000005
SSPIE                             00000003
SSPIF                             00000003
SSPM0                             00000000
SSPM1                             00000001
SSPM2                             00000002
SSPM3                             00000003
SSPMSK                            00000093
SSPOV                             00000006
SSPSTAT                           00000094
STATUS                            00000003
STRA                              00000000
STRB                              00000001
STRC                              00000002
STRD                              00000003
STRSYNC                           00000004
SWDTEN                            00000000
SYNC                              00000004
T0CS                              00000005
T0IE                              00000005
T0IF                              00000002
T0SE                              00000004
T1CKPS0                           00000004
T1CKPS1                           00000005
T1CON                             00000010
T1GINV                            00000007
T1GIV                             00000007
T1GSS                             00000001
T1INSYNC                          00000002
T1OSCEN                           00000003
T1SYNC                            00000002
T2CKPS0                           00000000
T2CKPS1                           00000001
T2CON                             00000012
TMR0                              00000001
TMR0IE                            00000005
TMR0IF                            00000002
TMR1                              0000000E
TMR1CS                            00000001
TMR1GE                            00000006
TMR1H                             0000000F
TMR1IE                            00000000
TMR1IF                            00000000
TMR1L                             0000000E
TMR1ON                            00000000
TMR2                              00000011
TMR2IE                            00000001
TMR2IF                            00000001
TMR2ON                            00000002
TOUTPS0                           00000003
TOUTPS1                           00000004
MPASM 5.87                          MAIN.ASM   6-27-2022  10:54:00         PAGE 18


SYMBOL TABLE
  LABEL                             VALUE 

TOUTPS2                           00000005
TOUTPS3                           00000006
TRISA                             00000085
TRISA0                            00000000
TRISA1                            00000001
TRISA2                            00000002
TRISA3                            00000003
TRISA4                            00000004
TRISA5                            00000005
TRISA6                            00000006
TRISA7                            00000007
TRISB                             00000086
TRISB0                            00000000
TRISB1                            00000001
TRISB2                            00000002
TRISB3                            00000003
TRISB4                            00000004
TRISB5                            00000005
TRISB6                            00000006
TRISB7                            00000007
TRISC                             00000087
TRISC0                            00000000
TRISC1                            00000001
TRISC2                            00000002
TRISC3                            00000003
TRISC4                            00000004
TRISC5                            00000005
TRISC6                            00000006
TRISC7                            00000007
TRISD                             00000088
TRISD0                            00000000
TRISD1                            00000001
TRISD2                            00000002
TRISD3                            00000003
TRISD4                            00000004
TRISD5                            00000005
TRISD6                            00000006
TRISD7                            00000007
TRISE                             00000089
TRISE0                            00000000
TRISE1                            00000001
TRISE2                            00000002
TRISE3                            00000003
TRMT                              00000001
TUN0                              00000000
TUN1                              00000001
TUN2                              00000002
TUN3                              00000003
TUN4                              00000004
TX8_9                             00000006
TX9                               00000006
TX9D                              00000000
TXD8                              00000000
MPASM 5.87                          MAIN.ASM   6-27-2022  10:54:00         PAGE 19


SYMBOL TABLE
  LABEL                             VALUE 

TXEN                              00000005
TXIE                              00000004
TXIF                              00000004
TXREG                             00000019
TXSTA                             00000098
UA                                00000001
UART_TX_BUSY                      00000000
ULPWUE                            00000005
ULPWUIE                           00000002
ULPWUIF                           00000002
VCFG0                             00000004
VCFG1                             00000005
VR0                               00000000
VR1                               00000001
VR2                               00000002
VR3                               00000003
VRCON                             00000097
VREN                              00000007
VROE                              00000006
VRR                               00000005
VRSS                              00000004
W                                 00000000
WCOL                              00000007
WDTCON                            00000105
WDTPS0                            00000001
WDTPS1                            00000002
WDTPS2                            00000003
WDTPS3                            00000004
WPUB                              00000095
WPUB0                             00000000
WPUB1                             00000001
WPUB2                             00000002
WPUB3                             00000003
WPUB4                             00000004
WPUB5                             00000005
WPUB6                             00000006
WPUB7                             00000007
WR                                00000001
WREN                              00000002
WRERR                             00000003
WUE                               00000001
Z                                 00000002
_BOR21V                           00003EFF
_BOR40V                           00003FFF
_BOR4V_BOR21V                     00003EFF
_BOR4V_BOR40V                     00003FFF
_BOREN_NSLEEP                     00003EFF
_BOREN_OFF                        00003CFF
_BOREN_ON                         00003FFF
_BOREN_SBODEN                     00003DFF
_BOR_NSLEEP                       00003EFF
_BOR_OFF                          00003CFF
_BOR_ON                           00003FFF
MPASM 5.87                          MAIN.ASM   6-27-2022  10:54:00         PAGE 20


SYMBOL TABLE
  LABEL                             VALUE 

_BOR_SBODEN                       00003DFF
_CONFIG1                          00002007
_CONFIG2                          00002008
_CPD_OFF                          00003FFF
_CPD_ON                           00003F7F
_CP_OFF                           00003FFF
_CP_ON                            00003FBF
_DEBUG_OFF                        00003FFF
_DEBUG_ON                         00001FFF
_DEVID1                           00002006
_EC_OSC                           00003FFB
_EXTRC                            00003FFF
_EXTRCIO                          00003FFE
_EXTRC_OSC_CLKOUT                 00003FFF
_EXTRC_OSC_NOCLKOUT               00003FFE
_FCMEN_OFF                        000037FF
_FCMEN_ON                         00003FFF
_FOSC_EC                          00003FFB
_FOSC_EXTRC_CLKOUT                00003FFF
_FOSC_EXTRC_NOCLKOUT              00003FFE
_FOSC_HS                          00003FFA
_FOSC_INTRC_CLKOUT                00003FFD
_FOSC_INTRC_NOCLKOUT              00003FFC
_FOSC_LP                          00003FF8
_FOSC_XT                          00003FF9
_HS_OSC                           00003FFA
_IDLOC0                           00002000
_IDLOC1                           00002001
_IDLOC2                           00002002
_IDLOC3                           00002003
_IESO_OFF                         00003BFF
_IESO_ON                          00003FFF
_INTOSC                           00003FFD
_INTOSCIO                         00003FFC
_INTRC_OSC_CLKOUT                 00003FFD
_INTRC_OSC_NOCLKOUT               00003FFC
_LP_OSC                           00003FF8
_LVP_OFF                          00002FFF
_LVP_ON                           00003FFF
_MAIN_000E                        0000000E
_MCLRE_OFF                        00003FDF
_MCLRE_ON                         00003FFF
_PWRTE_OFF                        00003FFF
_PWRTE_ON                         00003FEF
_WDTE_OFF                         00003FF7
_WDTE_ON                          00003FFF
_WDT_OFF                          00003FF7
_WDT_ON                           00003FFF
_WRT_1FOURTH                      00003BFF
_WRT_256                          00003DFF
_WRT_HALF                         000039FF
_WRT_OFF                          00003FFF
_XT_OSC                           00003FF9
MPASM 5.87                          MAIN.ASM   6-27-2022  10:54:00         PAGE 21


SYMBOL TABLE
  LABEL                             VALUE 

__16F887                          00000001
__DEBUG                           
__MPLAB_DEBUGGER_SIMULATOR        1
buzzer                            00000063
ch                                00000000
main_loop                         00000003
note_do4                          0000003C
note_do4#                         00000038
note_fa4                          0000002C
note_la4                          00000024
note_mi4                          0000002F
note_re4                          00000035
note_re4#                         00000032
note_si4                          00000020
note_sol4                         00000028
prova                             00000001
prova2                            00000002
setReg0                           
setRegK                           
start                             00000000
wait_ch                           00000003
wait_delay                        0000007F

Errors   :     0
Warnings :     0 reported,     0 suppressed
Messages :    15 reported,     0 suppressed

